Using pre-set license
Built from '2020.3/staging' branch; Version is '2020.3.24f1 (79c78de19888) revision 7980941'; Using compiler version '192528614'; Build Type 'Release'
OS: 'Windows 11  (10.0.22000) 64bit CoreSingleLanguage' Language: 'en' Physical Memory: 15809 MB
BatchMode: 1, IsHumanControllingUs: 0, StartBugReporterOnCrash: 0, Is64bit: 1, IsPro: 0

COMMAND LINE ARGUMENTS:
D:\unityinst\2020.3.24f1\Editor\Unity.exe
-adb2
-batchMode
-noUpm
-name
AssetImportWorker0
-projectPath
D:/คพ222สร้างเกม/Lab3/Lab3
-logFile
Logs/AssetImportWorker0.log
-srvPort
54097
Successfully changed project path to: D:/คพ222สร้างเกม/Lab3/Lab3
D:/คพ222สร้างเกม/Lab3/Lab3
Using Asset Import Pipeline V2.
Refreshing native plugins compatible for Editor in 85.94 ms, found 2 plugins.
Preloading 0 native plugins for Editor in 0.00 ms.
Initialize engine version: 2020.3.24f1 (79c78de19888)
[Subsystems] Discovering subsystems at path D:/unityinst/2020.3.24f1/Editor/Data/Resources/UnitySubsystems
[Subsystems] Discovering subsystems at path D:/คพ222สร้างเกม/Lab3/Lab3/Assets
GfxDevice: creating device client; threaded=0
Direct3D:
    Version:  Direct3D 11.0 [level 11.1]
    Renderer: NVIDIA GeForce GTX 1650 (ID=0x1f91)
    Vendor:   
    VRAM:     3962 MB
    Driver:   27.21.14.6611
Initialize mono
Mono path[0] = 'D:/unityinst/2020.3.24f1/Editor/Data/Managed'
Mono path[1] = 'D:/unityinst/2020.3.24f1/Editor/Data/MonoBleedingEdge/lib/mono/unityjit'
Mono config path = 'D:/unityinst/2020.3.24f1/Editor/Data/MonoBleedingEdge/etc'
Using monoOptions --debugger-agent=transport=dt_socket,embedding=1,server=y,suspend=n,address=127.0.0.1:56200
Begin MonoManager ReloadAssembly
Registering precompiled unity dll's ...
Register platform support module: D:/unityinst/2020.3.24f1/Editor/Data/PlaybackEngines/WindowsStandaloneSupport/UnityEditor.WindowsStandalone.Extensions.dll
Registered in 0.001031 seconds.
Native extension for WindowsStandalone target not found
Refreshing native plugins compatible for Editor in 56.24 ms, found 2 plugins.
Preloading 0 native plugins for Editor in 0.00 ms.
Mono: successfully reloaded assembly
- Completed reload, in  1.166 seconds
Domain Reload Profiling:
	ReloadAssembly (1167ms)
		BeginReloadAssembly (123ms)
			ExecutionOrderSort (0ms)
			DisableScriptedObjects (0ms)
			BackupInstance (0ms)
			ReleaseScriptingObjects (0ms)
			CreateAndSetChildDomain (1ms)
		EndReloadAssembly (893ms)
			LoadAssemblies (121ms)
			RebuildTransferFunctionScriptingTraits (2ms)
			SetupTypeCache (297ms)
			ReleaseScriptCaches (0ms)
			RebuildScriptCaches (68ms)
			SetupLoadedEditorAssemblies (325ms)
				LogAssemblyErrors (0ms)
				InitializePlatformSupportModulesInManaged (7ms)
				SetLoadedEditorAssemblies (0ms)
				RefreshPlugins (56ms)
				BeforeProcessingInitializeOnLoad (17ms)
				ProcessInitializeOnLoadAttributes (179ms)
				ProcessInitializeOnLoadMethodAttributes (65ms)
				AfterProcessingInitializeOnLoad (0ms)
				EditorAssembliesLoaded (0ms)
			ExecutionOrderSort2 (0ms)
			AwakeInstancesAfterBackupRestoration (0ms)
Platform modules already initialized, skipping
Registering precompiled user dll's ...
Registered in 0.006027 seconds.
Begin MonoManager ReloadAssembly
Native extension for WindowsStandalone target not found
Refreshing native plugins compatible for Editor in 0.56 ms, found 2 plugins.
Preloading 0 native plugins for Editor in 0.00 ms.
Mono: successfully reloaded assembly
- Completed reload, in  1.740 seconds
Domain Reload Profiling:
	ReloadAssembly (1741ms)
		BeginReloadAssembly (267ms)
			ExecutionOrderSort (0ms)
			DisableScriptedObjects (6ms)
			BackupInstance (0ms)
			ReleaseScriptingObjects (0ms)
			CreateAndSetChildDomain (32ms)
		EndReloadAssembly (1353ms)
			LoadAssemblies (160ms)
			RebuildTransferFunctionScriptingTraits (0ms)
			SetupTypeCache (497ms)
			ReleaseScriptCaches (1ms)
			RebuildScriptCaches (70ms)
			SetupLoadedEditorAssemblies (492ms)
				LogAssemblyErrors (0ms)
				InitializePlatformSupportModulesInManaged (6ms)
				SetLoadedEditorAssemblies (1ms)
				RefreshPlugins (1ms)
				BeforeProcessingInitializeOnLoad (88ms)
				ProcessInitializeOnLoadAttributes (379ms)
				ProcessInitializeOnLoadMethodAttributes (15ms)
				AfterProcessingInitializeOnLoad (3ms)
				EditorAssembliesLoaded (0ms)
			ExecutionOrderSort2 (0ms)
			AwakeInstancesAfterBackupRestoration (11ms)
Platform modules already initialized, skipping
========================================================================
Worker process is ready to serve import requests
Launched and connected shader compiler UnityShaderCompiler.exe after 0.27 seconds
Refreshing native plugins compatible for Editor in 26.58 ms, found 2 plugins.
Preloading 0 native plugins for Editor in 0.00 ms.
Unloading 1512 Unused Serialized files (Serialized files now loaded: 0)
System memory in use before: 67.9 MB.
System memory in use after: 67.9 MB.

Unloading 19 unused Assets to reduce memory usage. Loaded Objects now: 1945.
Total: 21.288300 ms (FindLiveObjects: 0.423300 ms CreateObjectMapping: 0.414400 ms MarkObjects: 20.280800 ms  DeleteObjects: 0.166400 ms)

AssetImportParameters requested are different than current active one (requested -> active):
  custom:framework-win-MediaFoundation: 216162199b28c13a410421893ffa2e32 -> 
  custom:video-decoder-ogg-theora: a1e56fd34408186e4bbccfd4996cb3dc -> 
  custom:container-muxer-webm: aa71ff27fc2769a1b78a27578f13a17b -> 
  custom:container-demuxer-webm: 4f35f7cbe854078d1ac9338744f61a02 -> 
  custom:container-demuxer-ogg: 62fdf1f143b41e24485cea50d1cbac27 -> 
  custom:video-encoder-webm-vp8: eb34c28f22e8b96e1ab97ce403110664 -> 
  custom:video-decoder-webm-vp8: 9c59270c3fd7afecdb556c50c9e8de78 -> 
  custom:audio-decoder-ogg-vorbis: bf7c407c2cedff20999df2af8eb42d56 -> 
  custom:audio-encoder-webm-vorbis: bf7c407c2cedff20999df2af8eb42d56 -> 
========================================================================
Received Import Request.
  path: Assets/AssetsBackup/Kar98.prefab
  artifactKey: Guid(1a353e2e964952e458f3ed6caac64e60) Importer(815301076,1909f56bfc062723c751e8b465ee728b)
Start importing Assets/AssetsBackup/Kar98.prefab using Guid(1a353e2e964952e458f3ed6caac64e60) Importer(815301076,1909f56bfc062723c751e8b465ee728b)  -> (artifact id: 'ca7343f78d4d53a3652d330c63c60c88') in 0.176267 seconds 
  Import took 0.186908 seconds .

========================================================================
Received Import Request.
  Time since last request: 0.000475 seconds.
  path: Assets/AssetsBackup/Big Enemy.prefab
  artifactKey: Guid(d58d69d140fa1d2458fd6f5d2554c33e) Importer(815301076,1909f56bfc062723c751e8b465ee728b)
Start importing Assets/AssetsBackup/Big Enemy.prefab using Guid(d58d69d140fa1d2458fd6f5d2554c33e) Importer(815301076,1909f56bfc062723c751e8b465ee728b)  -> (artifact id: '1ff3fcada4af0f9f702a0d2ee858aaa4') in 0.276646 seconds 
  Import took 0.289461 seconds .

========================================================================
Received Import Request.
  Time since last request: 0.000256 seconds.
  path: Assets/AssetsBackup/Handgun.prefab
  artifactKey: Guid(31537aca85f719b47a1667756a1c176c) Importer(815301076,1909f56bfc062723c751e8b465ee728b)
Start importing Assets/AssetsBackup/Handgun.prefab using Guid(31537aca85f719b47a1667756a1c176c) Importer(815301076,1909f56bfc062723c751e8b465ee728b)  -> (artifact id: '3222fb57e1facc02c9dcaf29495c7465') in 0.079770 seconds 
  Import took 0.091810 seconds .

========================================================================
Received Import Request.
  Time since last request: 0.000224 seconds.
  path: Assets/AssetsBackup/Health Bar.prefab
  artifactKey: Guid(d9be6ef6b41c9474c800175280857416) Importer(815301076,1909f56bfc062723c751e8b465ee728b)
Start importing Assets/AssetsBackup/Health Bar.prefab using Guid(d9be6ef6b41c9474c800175280857416) Importer(815301076,1909f56bfc062723c751e8b465ee728b)  -> (artifact id: 'cbc945aabf2471297c3c71dbd1c9976d') in 0.133603 seconds 
  Import took 0.239548 seconds .

========================================================================
Received Import Request.
  Time since last request: 0.003761 seconds.
  path: Assets/AssetsBackup/M16.prefab
  artifactKey: Guid(191247267ea5c2543ad11bfae3a7dfcf) Importer(815301076,1909f56bfc062723c751e8b465ee728b)
Start importing Assets/AssetsBackup/M16.prefab using Guid(191247267ea5c2543ad11bfae3a7dfcf) Importer(815301076,1909f56bfc062723c751e8b465ee728b)  -> (artifact id: '32bae438782d6fae29a6637e2bf86ba9') in 0.052108 seconds 
  Import took 0.061944 seconds .

========================================================================
Received Import Request.
  Time since last request: 0.000911 seconds.
  path: Assets/AssetsBackup/Bullet.prefab
  artifactKey: Guid(61ec5993e0d4dde43802ec90165a6295) Importer(815301076,1909f56bfc062723c751e8b465ee728b)
Start importing Assets/AssetsBackup/Bullet.prefab using Guid(61ec5993e0d4dde43802ec90165a6295) Importer(815301076,1909f56bfc062723c751e8b465ee728b)  -> (artifact id: 'fe059fff86f302bf029eedf21376e81d') in 0.083337 seconds 
  Import took 0.118912 seconds .

========================================================================
Received Import Request.
  Time since last request: 0.001803 seconds.
  path: Assets/AssetsBackup/Enemy.prefab
  artifactKey: Guid(3b9a3731e01b08a4590f4e03752c2e53) Importer(815301076,1909f56bfc062723c751e8b465ee728b)
Start importing Assets/AssetsBackup/Enemy.prefab using Guid(3b9a3731e01b08a4590f4e03752c2e53) Importer(815301076,1909f56bfc062723c751e8b465ee728b)  -> (artifact id: 'ef7b2e178577db39759c4f798b946d07') in 0.095600 seconds 
  Import took 0.101663 seconds .

========================================================================
Received Import Request.
  Time since last request: 0.000266 seconds.
  path: Assets/AssetsBackup/Shotgun.prefab
  artifactKey: Guid(02f8211f83cebd2499900c94fea12ad6) Importer(815301076,1909f56bfc062723c751e8b465ee728b)
Start importing Assets/AssetsBackup/Shotgun.prefab using Guid(02f8211f83cebd2499900c94fea12ad6) Importer(815301076,1909f56bfc062723c751e8b465ee728b)  -> (artifact id: 'aa5a51a8dbb3994c8c9d76dc3df8e0b7') in 0.091806 seconds 
  Import took 0.103741 seconds .

========================================================================
Received Import Request.
  Time since last request: 0.000337 seconds.
  path: Assets/AssetsBackup/Uzi.prefab
  artifactKey: Guid(cd874da41747c0749862cd81ae4b2352) Importer(815301076,1909f56bfc062723c751e8b465ee728b)
Start importing Assets/AssetsBackup/Uzi.prefab using Guid(cd874da41747c0749862cd81ae4b2352) Importer(815301076,1909f56bfc062723c751e8b465ee728b)  -> (artifact id: 'e5bc43f0455773420f1b4d74bfd7dc36') in 0.062223 seconds 
  Import took 0.069291 seconds .

========================================================================
Received Import Request.
  Time since last request: 0.053990 seconds.
  path: Assets/AssetsBackup/Rifle Bullet.prefab
  artifactKey: Guid(b4cd2a4b7b74d3d4f8f908c83b6089bc) Importer(815301076,1909f56bfc062723c751e8b465ee728b)
Start importing Assets/AssetsBackup/Rifle Bullet.prefab using Guid(b4cd2a4b7b74d3d4f8f908c83b6089bc) Importer(815301076,1909f56bfc062723c751e8b465ee728b)  -> (artifact id: '8e9bbcb98e5108acdc671b917175f487') in 0.072806 seconds 
  Import took 0.081817 seconds .

========================================================================
Received Import Request.
  Time since last request: 0.000742 seconds.
  path: Assets/AssetsBackup/Player.prefab
  artifactKey: Guid(5b2e1ea14760c7e49b29d6e6a3f89011) Importer(815301076,1909f56bfc062723c751e8b465ee728b)
Start importing Assets/AssetsBackup/Player.prefab using Guid(5b2e1ea14760c7e49b29d6e6a3f89011) Importer(815301076,1909f56bfc062723c751e8b465ee728b)  -> (artifact id: '2520729bca80071a000aa72c247f3434') in 0.062737 seconds 
  Import took 0.068510 seconds .

========================================================================
Received Import Request.
  Time since last request: 0.016082 seconds.
  path: Assets/AssetsBackup/Explosion.prefab
  artifactKey: Guid(822733bc27a78b84b95415d6e5d18382) Importer(815301076,1909f56bfc062723c751e8b465ee728b)
Start importing Assets/AssetsBackup/Explosion.prefab using Guid(822733bc27a78b84b95415d6e5d18382) Importer(815301076,1909f56bfc062723c751e8b465ee728b)  -> (artifact id: '999e3ef844f0a7c7edebdcfed3e08f03') in 0.047086 seconds 
  Import took 0.054077 seconds .

========================================================================
Received Import Request.
  Time since last request: 0.000902 seconds.
  path: Assets/AssetsBackup/Weapon.prefab
  artifactKey: Guid(88ea1d1a8ab1fbf45864becdaa9e73cf) Importer(815301076,1909f56bfc062723c751e8b465ee728b)
Start importing Assets/AssetsBackup/Weapon.prefab using Guid(88ea1d1a8ab1fbf45864becdaa9e73cf) Importer(815301076,1909f56bfc062723c751e8b465ee728b)  -> (artifact id: '97c28a93a71023a121282a3cc0aec25a') in 0.045590 seconds 
  Import took 0.052762 seconds .

========================================================================
Received Import Request.
  Time since last request: 0.754100 seconds.
  path: Assets/AssetsBackup/BulletBehaviour.cs
  artifactKey: Guid(582221c84830bec47974b7f5b8705fbe) Importer(815301076,1909f56bfc062723c751e8b465ee728b)
Start importing Assets/AssetsBackup/BulletBehaviour.cs using Guid(582221c84830bec47974b7f5b8705fbe) Importer(815301076,1909f56bfc062723c751e8b465ee728b)  -> (artifact id: '22d5aad5081caeb972974256fc4de7af') in 0.092352 seconds 
  Import took 0.110099 seconds .

========================================================================
Received Import Request.
  Time since last request: 7.490206 seconds.
  path: Assets/AssetsBackup/CanvasBehaviour.cs
  artifactKey: Guid(a1dd2971ea2293549a233422ec6cbfd9) Importer(815301076,1909f56bfc062723c751e8b465ee728b)
Start importing Assets/AssetsBackup/CanvasBehaviour.cs using Guid(a1dd2971ea2293549a233422ec6cbfd9) Importer(815301076,1909f56bfc062723c751e8b465ee728b)  -> (artifact id: '85c8a67aad8a2ff980629a9c74ca44b1') in 0.016472 seconds 
  Import took 0.022313 seconds .

========================================================================
Received Import Request.
  Time since last request: 1.685260 seconds.
  path: Assets/AssetsBackup/EnemyBehaviour.cs
  artifactKey: Guid(e6d12788b64ea0246bfb5cff9b00eebf) Importer(815301076,1909f56bfc062723c751e8b465ee728b)
Start importing Assets/AssetsBackup/EnemyBehaviour.cs using Guid(e6d12788b64ea0246bfb5cff9b00eebf) Importer(815301076,1909f56bfc062723c751e8b465ee728b)  -> (artifact id: '99baab9b960eb26141e4a8c93957fe98') in 0.013311 seconds 
  Import took 0.025598 seconds .

========================================================================
Received Import Request.
  Time since last request: 1.797784 seconds.
  path: Assets/AssetsBackup/PlayerBehaviour.cs
  artifactKey: Guid(40d423bafefd4d74387cf50cc383c630) Importer(815301076,1909f56bfc062723c751e8b465ee728b)
Start importing Assets/AssetsBackup/PlayerBehaviour.cs using Guid(40d423bafefd4d74387cf50cc383c630) Importer(815301076,1909f56bfc062723c751e8b465ee728b)  -> (artifact id: 'a09786b1687058dae801ebb7b0cfaaa8') in 0.014384 seconds 
  Import took 0.018147 seconds .

